#
# A fatal error has been detected by the Java Runtime Environment:
#
#  EXCEPTION_ACCESS_VIOLATION (0xc0000005) at pc=0x000000006c8a1d7f, pid=5672, tid=5820
#
# JRE version: Java(TM) SE Runtime Environment (7.0_55-b13) (build 1.7.0_55-b13)
# Java VM: Java HotSpot(TM) 64-Bit Server VM (24.55-b03 mixed mode windows-amd64 compressed oops)
# Problematic frame:
# V  [jvm.dll+0x121d7f]
#
# Failed to write core dump. Minidumps are not enabled by default on client versions of Windows
#
# If you would like to submit a bug report, please visit:
#   http://bugreport.sun.com/bugreport/crash.jsp
#

---------------  T H R E A D  ---------------

Current thread (0x000000000bef9800):  JavaThread "Thread-7" [_thread_in_vm, id=5820, stack(0x000000000ca20000,0x000000000cb20000)]

siginfo: ExceptionCode=0xc0000005, writing address 0x00000007651e4095

Registers:
RAX=0xffffffff8ed214d5, RBX=0x000000000bef9800, RCX=0x0000000000000003, RDX=0x00000007d64c2bc0
RSP=0x000000000cb1f010, RBP=0x0000000000000000, RSI=0x000000000cb1f200, RDI=0x10d4d34b8ed214d5
R8 =0x43534d2e3b485357, R9 =0x000000077cea9a30, R10=0x0000000000000000, R11=0x0000000000000206
R12=0x43534d2e3b485357, R13=0x000000077cea8c70, R14=0x000000000cb1f200, R15=0x000000000bef9800
RIP=0x000000006c8a1d7f, EFLAGS=0x0000000000010246

Top of Stack: (sp=0x000000000cb1f010)
0x000000000cb1f010:   000000000a523cb8 0000000000000001
0x000000000cb1f020:   00007fff6965ae90 ffffffffffffffff
0x000000000cb1f030:   0000000010006634 00000000100060b7
0x000000000cb1f040:   000000000c315780 000000000cb1f090
0x000000000cb1f050:   0000000000000000 0000000000200021
0x000000000cb1f060:   00000000ef9d5346 000000001001872f
0x000000000cb1f070:   000000000c315780 000000077cea8c78
0x000000000cb1f080:   000000000cb1f1d8 000000000a51f070
0x000000000cb1f090:   000000000223b81d 0000000000369c75
0x000000000cb1f0a0:   0000000000000000 00000000051c9473
0x000000000cb1f0b0:   0000000000000000 000000000005168c
0x000000000cb1f0c0:   0000000000000000 0000000000000000
0x000000000cb1f0d0:   0000000012a94790 0000000000000000
0x000000000cb1f0e0:   000000000c315780 000000000a523cb0
0x000000000cb1f0f0:   000000000c310c20 0000000000000000
0x000000000cb1f100:   000000006ce6bf80 000000006ce6bf80 

Instructions: (pc=0x000000006c8a1d7f)
0x000000006c8a1d5f:   24 30 4a 48 8b d6 c6 44 24 28 00 48 89 6c 24 60
0x000000006c8a1d6f:   4c 89 64 24 20 e8 17 64 06 00 48 8b d0 48 63 c7
0x000000006c8a1d7f:   48 89 2c 10 c7 83 60 02 00 00 07 00 00 00 83 3d
0x000000006c8a1d8f:   34 9a 62 00 01 7e 18 80 3d 9d 8e 62 00 00 74 07 


Register to memory mapping:

RAX=0xffffffff8ed214d5 is an unknown value
RBX=0x000000000bef9800 is a thread
RCX=0x0000000000000003 is an unknown value
RDX=0x00000007d64c2bc0 is an oop
org.hyperic.sigar.Cpu 
 - klass: 'org/hyperic/sigar/Cpu'
RSP=0x000000000cb1f010 is pointing into the stack for thread: 0x000000000bef9800
RBP=0x0000000000000000 is an unknown value
RSI=0x000000000cb1f200 is pointing into the stack for thread: 0x000000000bef9800
RDI=0x10d4d34b8ed214d5 is an unknown value
R8 =0x43534d2e3b485357 is an unknown value
R9 =0x000000077cea9a30 is an oop
{instance class} 
 - klass: {other class}
R10=0x0000000000000000 is an unknown value
R11=0x0000000000000206 is an unknown value
R12=0x43534d2e3b485357 is an unknown value
R13=0x000000077cea8c70 is pointing into object: 0x000000077cea8c30
{constMethod} 
 - klass: {other class}
 - constants:       0x000000077cea8288 constant pool [135] for 'org/hyperic/sigar/Cpu' cache=0x000000077cea9f58
R14=0x000000000cb1f200 is pointing into the stack for thread: 0x000000000bef9800
R15=0x000000000bef9800 is a thread


Stack: [0x000000000ca20000,0x000000000cb20000],  sp=0x000000000cb1f010,  free space=1020k
Native frames: (J=compiled Java code, j=interpreted, Vv=VM code, C=native code)
V  [jvm.dll+0x121d7f]

[error occurred during error reporting (printing native stack), id 0xc0000005]

Java frames: (J=compiled Java code, j=interpreted, Vv=VM code)
j  org.hyperic.sigar.Cpu.gather(Lorg/hyperic/sigar/Sigar;)V+0
j  org.hyperic.sigar.Cpu.fetch(Lorg/hyperic/sigar/Sigar;)Lorg/hyperic/sigar/Cpu;+10
j  org.hyperic.sigar.Sigar.getCpu()Lorg/hyperic/sigar/Cpu;+1
j  org.hyperic.sigar.Sigar.getCpuPerc()Lorg/hyperic/sigar/CpuPerc;+8
j  dados.Sensors.getInformationsAboutCPU()V+7
j  dados.Sensors$2.run()V+0
v  ~StubRoutines::call_stub

---------------  P R O C E S S  ---------------

Java Threads: ( => current thread )
  0x000000000c08d800 JavaThread "Thread-367" [_thread_blocked, id=8556, stack(0x0000000023a50000,0x0000000023b50000)]
  0x000000000c090800 JavaThread "Thread-366" [_thread_blocked, id=8552, stack(0x0000000023950000,0x0000000023a50000)]
  0x000000000c089000 JavaThread "Thread-365" [_thread_blocked, id=8548, stack(0x0000000023850000,0x0000000023950000)]
  0x000000000c08b800 JavaThread "Thread-364" [_thread_blocked, id=8544, stack(0x0000000023750000,0x0000000023850000)]
  0x000000000c108800 JavaThread "Thread-363" [_thread_blocked, id=8540, stack(0x0000000023650000,0x0000000023750000)]
  0x000000000c104800 JavaThread "Thread-362" [_thread_blocked, id=8536, stack(0x0000000023550000,0x0000000023650000)]
  0x000000000c0ff800 JavaThread "Thread-361" [_thread_blocked, id=8532, stack(0x0000000023450000,0x0000000023550000)]
  0x000000000c0fb800 JavaThread "Thread-360" [_thread_blocked, id=8528, stack(0x0000000023350000,0x0000000023450000)]
  0x000000000c0f5800 JavaThread "Thread-359" [_thread_blocked, id=8524, stack(0x0000000023250000,0x0000000023350000)]
  0x000000000c0f7000 JavaThread "Thread-358" [_thread_blocked, id=8520, stack(0x0000000023150000,0x0000000023250000)]
  0x000000000c0f2000 JavaThread "Thread-357" [_thread_blocked, id=8516, stack(0x0000000023050000,0x0000000023150000)]
  0x000000000c0f1000 JavaThread "Thread-356" [_thread_blocked, id=8512, stack(0x0000000022f50000,0x0000000023050000)]
  0x000000000c0ed800 JavaThread "Thread-355" [_thread_blocked, id=8508, stack(0x0000000022e50000,0x0000000022f50000)]
  0x000000000c213000 JavaThread "Thread-354" [_thread_blocked, id=8504, stack(0x0000000022d50000,0x0000000022e50000)]
  0x000000000c212000 JavaThread "Thread-353" [_thread_blocked, id=8500, stack(0x0000000022c50000,0x0000000022d50000)]
  0x000000000c211800 JavaThread "Thread-352" [_thread_blocked, id=8496, stack(0x0000000022b50000,0x0000000022c50000)]
  0x000000000c20d800 JavaThread "Thread-351" [_thread_blocked, id=8492, stack(0x0000000022a50000,0x0000000022b50000)]
  0x000000000c210800 JavaThread "Thread-350" [_thread_blocked, id=8488, stack(0x0000000022950000,0x0000000022a50000)]
  0x000000000c20d000 JavaThread "Thread-349" [_thread_blocked, id=8484, stack(0x0000000022850000,0x0000000022950000)]
  0x000000000c210000 JavaThread "Thread-348" [_thread_blocked, id=8480, stack(0x0000000022750000,0x0000000022850000)]
  0x000000000c20f000 JavaThread "Thread-347" [_thread_blocked, id=8476, stack(0x0000000022650000,0x0000000022750000)]
  0x000000000c20c000 JavaThread "Thread-346" [_thread_blocked, id=8472, stack(0x0000000022550000,0x0000000022650000)]
  0x000000000c20e800 JavaThread "Thread-345" [_thread_blocked, id=8468, stack(0x0000000022450000,0x0000000022550000)]
  0x000000000c209000 JavaThread "Thread-344" [_thread_blocked, id=8464, stack(0x0000000022350000,0x0000000022450000)]
  0x000000000c208000 JavaThread "Thread-343" [_thread_blocked, id=8460, stack(0x0000000022250000,0x0000000022350000)]
  0x000000000c20b800 JavaThread "Thread-342" [_thread_blocked, id=8456, stack(0x0000000022150000,0x0000000022250000)]
  0x000000000c207800 JavaThread "Thread-341" [_thread_blocked, id=8452, stack(0x0000000022050000,0x0000000022150000)]
  0x000000000c209800 JavaThread "Thread-340" [_thread_blocked, id=8448, stack(0x0000000021f50000,0x0000000022050000)]
  0x000000000c20a800 JavaThread "Thread-339" [_thread_blocked, id=8444, stack(0x0000000021e50000,0x0000000021f50000)]
  0x000000000c203800 JavaThread "Thread-338" [_thread_blocked, id=8440, stack(0x0000000021d50000,0x0000000021e50000)]
  0x000000000c206000 JavaThread "Thread-337" [_thread_blocked, id=8436, stack(0x0000000021c50000,0x0000000021d50000)]
  0x000000000c205000 JavaThread "Thread-336" [_thread_blocked, id=8432, stack(0x0000000021b50000,0x0000000021c50000)]
  0x000000000c206800 JavaThread "Thread-335" [_thread_blocked, id=8428, stack(0x0000000021a50000,0x0000000021b50000)]
  0x000000000c204800 JavaThread "Thread-334" [_thread_blocked, id=8424, stack(0x0000000021950000,0x0000000021a50000)]
  0x000000000c200000 JavaThread "Thread-333" [_thread_blocked, id=8420, stack(0x0000000021850000,0x0000000021950000)]
  0x000000000c202000 JavaThread "Thread-332" [_thread_blocked, id=8416, stack(0x0000000021750000,0x0000000021850000)]
  0x000000000c203000 JavaThread "Thread-331" [_thread_blocked, id=8412, stack(0x0000000021650000,0x0000000021750000)]
  0x000000000c201800 JavaThread "Thread-330" [_thread_blocked, id=8408, stack(0x0000000021550000,0x0000000021650000)]
  0x000000000c200800 JavaThread "Thread-329" [_thread_blocked, id=8404, stack(0x0000000021450000,0x0000000021550000)]
  0x000000000c1ff000 JavaThread "Thread-328" [_thread_blocked, id=8400, stack(0x0000000021350000,0x0000000021450000)]
  0x000000000c1fb800 JavaThread "Thread-327" [_thread_blocked, id=8396, stack(0x0000000021250000,0x0000000021350000)]
  0x000000000c1fe800 JavaThread "Thread-326" [_thread_blocked, id=8392, stack(0x0000000021150000,0x0000000021250000)]
  0x000000000c1fa800 JavaThread "Thread-325" [_thread_blocked, id=8388, stack(0x0000000021050000,0x0000000021150000)]
  0x000000000c1fd800 JavaThread "Thread-324" [_thread_blocked, id=8384, stack(0x0000000020f50000,0x0000000021050000)]
  0x000000000c1fa000 JavaThread "Thread-323" [_thread_blocked, id=8380, stack(0x0000000020e50000,0x0000000020f50000)]
  0x000000000c1fd000 JavaThread "Thread-322" [_thread_blocked, id=8376, stack(0x0000000020d50000,0x0000000020e50000)]
  0x000000000c1fc000 JavaThread "Thread-321" [_thread_blocked, id=8372, stack(0x0000000020c50000,0x0000000020d50000)]
  0x000000000c1f6000 JavaThread "Thread-320" [_thread_blocked, id=8368, stack(0x0000000020b50000,0x0000000020c50000)]
  0x000000000c1f9000 JavaThread "Thread-319" [_thread_blocked, id=8364, stack(0x0000000020a50000,0x0000000020b50000)]
  0x000000000c1f5800 JavaThread "Thread-318" [_thread_blocked, id=8360, stack(0x0000000020950000,0x0000000020a50000)]
  0x000000000c1f8800 JavaThread "Thread-317" [_thread_blocked, id=8356, stack(0x0000000020850000,0x0000000020950000)]
  0x000000000c1f7800 JavaThread "Thread-316" [_thread_blocked, id=8352, stack(0x0000000020750000,0x0000000020850000)]
  0x000000000c1f4000 JavaThread "Thread-315" [_thread_blocked, id=8348, stack(0x0000000020650000,0x0000000020750000)]
  0x000000000c1f7000 JavaThread "Thread-314" [_thread_blocked, id=8344, stack(0x0000000020550000,0x0000000020650000)]
  0x000000000c1f4800 JavaThread "Thread-313" [_thread_blocked, id=8340, stack(0x0000000020450000,0x0000000020550000)]
  0x000000000c1da000 JavaThread "Thread-312" [_thread_blocked, id=8336, stack(0x0000000020350000,0x0000000020450000)]
  0x000000000c1d9800 JavaThread "Thread-311" [_thread_blocked, id=8332, stack(0x0000000020250000,0x0000000020350000)]
  0x000000000c1dc800 JavaThread "Thread-310" [_thread_blocked, id=8328, stack(0x0000000020150000,0x0000000020250000)]
  0x000000000c1d8800 JavaThread "Thread-309" [_thread_blocked, id=8324, stack(0x0000000020050000,0x0000000020150000)]
  0x000000000c1db800 JavaThread "Thread-308" [_thread_blocked, id=8320, stack(0x000000001ff50000,0x0000000020050000)]
  0x000000000c1db000 JavaThread "Thread-307" [_thread_blocked, id=8316, stack(0x000000001fe50000,0x000000001ff50000)]
  0x000000000c1d4800 JavaThread "Thread-306" [_thread_blocked, id=8312, stack(0x000000001fd50000,0x000000001fe50000)]
  0x000000000c1d6000 JavaThread "Thread-305" [_thread_blocked, id=8308, stack(0x000000001fc50000,0x000000001fd50000)]
  0x000000000c1d7800 JavaThread "Thread-304" [_thread_blocked, id=8304, stack(0x000000001fb50000,0x000000001fc50000)]
  0x000000000c1d7000 JavaThread "Thread-303" [_thread_blocked, id=8300, stack(0x000000001fa50000,0x000000001fb50000)]
  0x000000000c1d5800 JavaThread "Thread-302" [_thread_blocked, id=8296, stack(0x000000001f950000,0x000000001fa50000)]
  0x000000000c1d1000 JavaThread "Thread-301" [_thread_blocked, id=8292, stack(0x000000001f850000,0x000000001f950000)]
  0x000000000c1d4000 JavaThread "Thread-300" [_thread_blocked, id=8288, stack(0x000000001f750000,0x000000001f850000)]
  0x000000000c1d0000 JavaThread "Thread-299" [_thread_blocked, id=8284, stack(0x000000001f650000,0x000000001f750000)]
  0x000000000c1d2800 JavaThread "Thread-298" [_thread_blocked, id=8280, stack(0x000000001f550000,0x000000001f650000)]
  0x000000000c1d1800 JavaThread "Thread-297" [_thread_blocked, id=8276, stack(0x000000001f450000,0x000000001f550000)]
  0x000000000c1d3000 JavaThread "Thread-296" [_thread_blocked, id=8272, stack(0x000000001f350000,0x000000001f450000)]
  0x000000000c1cc800 JavaThread "Thread-295" [_thread_blocked, id=8268, stack(0x000000001f250000,0x000000001f350000)]
  0x000000000c1cf800 JavaThread "Thread-294" [_thread_blocked, id=8264, stack(0x000000001f150000,0x000000001f250000)]
  0x000000000c1cb800 JavaThread "Thread-293" [_thread_blocked, id=8260, stack(0x000000001f050000,0x000000001f150000)]
  0x000000000c1ce800 JavaThread "Thread-292" [_thread_blocked, id=8256, stack(0x000000001ef50000,0x000000001f050000)]
  0x000000000c1cb000 JavaThread "Thread-291" [_thread_blocked, id=8252, stack(0x000000001ee50000,0x000000001ef50000)]
  0x000000000c1ce000 JavaThread "Thread-290" [_thread_blocked, id=8248, stack(0x000000001ed50000,0x000000001ee50000)]
  0x000000000c1cd000 JavaThread "Thread-289" [_thread_blocked, id=8244, stack(0x000000001ec50000,0x000000001ed50000)]
  0x000000000c1c8800 JavaThread "Thread-288" [_thread_blocked, id=8240, stack(0x000000001eb50000,0x000000001ec50000)]
  0x000000000c1c9800 JavaThread "Thread-287" [_thread_blocked, id=8236, stack(0x000000001ea50000,0x000000001eb50000)]
  0x000000000c1c8000 JavaThread "Thread-286" [_thread_blocked, id=8232, stack(0x000000001e950000,0x000000001ea50000)]
  0x000000000c1c7000 JavaThread "Thread-285" [_thread_blocked, id=8228, stack(0x000000001e850000,0x000000001e950000)]
  0x000000000c1ca000 JavaThread "Thread-284" [_thread_blocked, id=8224, stack(0x000000001e750000,0x000000001e850000)]
  0x000000000c1c3800 JavaThread "Thread-283" [_thread_blocked, id=8220, stack(0x000000001e650000,0x000000001e750000)]
  0x000000000c1c6800 JavaThread "Thread-282" [_thread_blocked, id=8216, stack(0x000000001e550000,0x000000001e650000)]
  0x000000000c1c2800 JavaThread "Thread-281" [_thread_blocked, id=8212, stack(0x000000001e450000,0x000000001e550000)]
  0x000000000c1c5800 JavaThread "Thread-280" [_thread_blocked, id=8208, stack(0x000000001e350000,0x000000001e450000)]
  0x000000000c1c2000 JavaThread "Thread-279" [_thread_blocked, id=8204, stack(0x000000001e250000,0x000000001e350000)]
  0x000000000c1c4000 JavaThread "Thread-278" [_thread_blocked, id=8200, stack(0x000000001e150000,0x000000001e250000)]
  0x000000000c1c5000 JavaThread "Thread-277" [_thread_blocked, id=8196, stack(0x000000001e050000,0x000000001e150000)]
  0x000000000c1be000 JavaThread "Thread-276" [_thread_blocked, id=3184, stack(0x000000001df50000,0x000000001e050000)]
  0x000000000c1c1000 JavaThread "Thread-275" [_thread_blocked, id=2700, stack(0x000000001de50000,0x000000001df50000)]
  0x000000000c1c0800 JavaThread "Thread-274" [_thread_blocked, id=5720, stack(0x000000001dd50000,0x000000001de50000)]
  0x000000000c1bf800 JavaThread "Thread-273" [_thread_blocked, id=3952, stack(0x000000001dc50000,0x000000001dd50000)]
  0x000000000c1bd800 JavaThread "Thread-272" [_thread_blocked, id=4564, stack(0x000000001db50000,0x000000001dc50000)]
  0x000000000c1bf000 JavaThread "Thread-271" [_thread_blocked, id=3172, stack(0x000000001da50000,0x000000001db50000)]
  0x000000000c168800 JavaThread "Thread-270" [_thread_blocked, id=7960, stack(0x000000001d850000,0x000000001d950000)]
  0x000000000c168000 JavaThread "Thread-269" [_thread_blocked, id=3280, stack(0x000000001d750000,0x000000001d850000)]
  0x000000000c167000 JavaThread "Thread-268" [_thread_blocked, id=5444, stack(0x000000001d650000,0x000000001d750000)]
  0x000000000c16a000 JavaThread "Thread-267" [_thread_blocked, id=7832, stack(0x000000001d550000,0x000000001d650000)]
  0x000000000c169800 JavaThread "Thread-266" [_thread_blocked, id=4028, stack(0x000000001d450000,0x000000001d550000)]
  0x000000000c163800 JavaThread "Thread-265" [_thread_blocked, id=7332, stack(0x000000001d350000,0x000000001d450000)]
  0x000000000c166800 JavaThread "Thread-264" [_thread_blocked, id=7280, stack(0x000000001d250000,0x000000001d350000)]
  0x000000000c164000 JavaThread "Thread-263" [_thread_blocked, id=7212, stack(0x000000001d150000,0x000000001d250000)]
  0x000000000c162800 JavaThread "Thread-262" [_thread_blocked, id=5880, stack(0x000000001d050000,0x000000001d150000)]
  0x000000000c165000 JavaThread "Thread-261" [_thread_blocked, id=8084, stack(0x000000001cf50000,0x000000001d050000)]
  0x000000000c165800 JavaThread "Thread-260" [_thread_blocked, id=5852, stack(0x000000001ce50000,0x000000001cf50000)]
  0x000000000c162000 JavaThread "Thread-259" [_thread_blocked, id=4920, stack(0x000000001cd50000,0x000000001ce50000)]
  0x000000000c15f000 JavaThread "Thread-258" [_thread_blocked, id=5716, stack(0x000000001cc50000,0x000000001cd50000)]
  0x000000000c161000 JavaThread "Thread-257" [_thread_blocked, id=4260, stack(0x000000001cb50000,0x000000001cc50000)]
  0x000000000c15d800 JavaThread "Thread-256" [_thread_blocked, id=3336, stack(0x000000001ca50000,0x000000001cb50000)]
  0x000000000c15e000 JavaThread "Thread-255" [_thread_blocked, id=3932, stack(0x000000001c950000,0x000000001ca50000)]
  0x000000000c160800 JavaThread "Thread-254" [_thread_blocked, id=2916, stack(0x000000001c850000,0x000000001c950000)]
  0x000000000c15f800 JavaThread "Thread-253" [_thread_blocked, id=6040, stack(0x000000001c750000,0x000000001c850000)]
  0x000000000c15c800 JavaThread "Thread-252" [_thread_blocked, id=2720, stack(0x000000001c650000,0x000000001c750000)]
  0x000000000c15c000 JavaThread "Thread-251" [_thread_blocked, id=3736, stack(0x000000001c550000,0x000000001c650000)]
  0x000000000c158000 JavaThread "Thread-250" [_thread_blocked, id=7260, stack(0x000000001c450000,0x000000001c550000)]
  0x000000000c15b000 JavaThread "Thread-249" [_thread_blocked, id=1248, stack(0x000000001c350000,0x000000001c450000)]
  0x000000000c15a800 JavaThread "Thread-248" [_thread_blocked, id=6104, stack(0x000000001c250000,0x000000001c350000)]
  0x000000000c159800 JavaThread "Thread-247" [_thread_blocked, id=6908, stack(0x000000001c150000,0x000000001c250000)]
  0x000000000c159000 JavaThread "Thread-246" [_thread_blocked, id=7020, stack(0x000000001c050000,0x000000001c150000)]
  0x000000000c154800 JavaThread "Thread-245" [_thread_blocked, id=3956, stack(0x000000001bf50000,0x000000001c050000)]
  0x000000000c157800 JavaThread "Thread-244" [_thread_blocked, id=5448, stack(0x000000001be50000,0x000000001bf50000)]
  0x000000000c156800 JavaThread "Thread-243" [_thread_blocked, id=5144, stack(0x000000001bd50000,0x000000001be50000)]
  0x000000000c156000 JavaThread "Thread-242" [_thread_blocked, id=5620, stack(0x000000001bc50000,0x000000001bd50000)]
  0x000000000c153000 JavaThread "Thread-241" [_thread_blocked, id=6828, stack(0x000000001bb50000,0x000000001bc50000)]
  0x000000000c155000 JavaThread "Thread-240" [_thread_blocked, id=6844, stack(0x000000001ba50000,0x000000001bb50000)]
  0x000000000c151800 JavaThread "Thread-239" [_thread_blocked, id=5196, stack(0x000000001b950000,0x000000001ba50000)]
  0x000000000c150800 JavaThread "Thread-238" [_thread_blocked, id=3772, stack(0x000000001b850000,0x000000001b950000)]
  0x000000000c152000 JavaThread "Thread-237" [_thread_blocked, id=6036, stack(0x000000001b750000,0x000000001b850000)]
  0x000000000c153800 JavaThread "Thread-236" [_thread_blocked, id=6232, stack(0x000000001b650000,0x000000001b750000)]
  0x000000000c14d000 JavaThread "Thread-235" [_thread_blocked, id=6256, stack(0x000000001b550000,0x000000001b650000)]
  0x000000000c150000 JavaThread "Thread-234" [_thread_blocked, id=8184, stack(0x000000001b450000,0x000000001b550000)]
  0x000000000c14d800 JavaThread "Thread-233" [_thread_blocked, id=4928, stack(0x000000001b350000,0x000000001b450000)]
  0x000000000c14f000 JavaThread "Thread-232" [_thread_blocked, id=5868, stack(0x000000001b250000,0x000000001b350000)]
  0x000000000c14e800 JavaThread "Thread-231" [_thread_blocked, id=7420, stack(0x000000001b150000,0x000000001b250000)]
  0x000000000c14c000 JavaThread "Thread-230" [_thread_blocked, id=5584, stack(0x000000001b050000,0x000000001b150000)]
  0x000000000c14b800 JavaThread "Thread-229" [_thread_blocked, id=6736, stack(0x000000001af50000,0x000000001b050000)]
  0x000000000c10a000 JavaThread "Thread-228" [_thread_blocked, id=7696, stack(0x000000001ae50000,0x000000001af50000)]
  0x000000000c109000 JavaThread "Thread-227" [_thread_blocked, id=7024, stack(0x000000001ad50000,0x000000001ae50000)]
  0x000000000c107800 JavaThread "Thread-225" [_thread_blocked, id=7520, stack(0x000000001ab50000,0x000000001ac50000)]
  0x000000000c105800 JavaThread "Thread-224" [_thread_blocked, id=7204, stack(0x000000001aa50000,0x000000001ab50000)]
  0x000000000c107000 JavaThread "Thread-223" [_thread_blocked, id=7660, stack(0x000000001a950000,0x000000001aa50000)]
  0x000000000c106000 JavaThread "Thread-222" [_thread_blocked, id=4240, stack(0x000000001a850000,0x000000001a950000)]
  0x000000000c101800 JavaThread "Thread-221" [_thread_blocked, id=7764, stack(0x000000001a750000,0x000000001a850000)]
  0x000000000c101000 JavaThread "Thread-219" [_thread_blocked, id=7320, stack(0x000000001a550000,0x000000001a650000)]
  0x000000000c104000 JavaThread "Thread-218" [_thread_blocked, id=4004, stack(0x000000001a450000,0x000000001a550000)]
  0x000000000c103000 JavaThread "Thread-217" [_thread_blocked, id=5380, stack(0x000000001a350000,0x000000001a450000)]
  0x000000000c102800 JavaThread "Thread-216" [_thread_blocked, id=7456, stack(0x000000001a250000,0x000000001a350000)]
  0x000000000c0fd000 JavaThread "Thread-215" [_thread_blocked, id=2148, stack(0x000000001a150000,0x000000001a250000)]
  0x000000000c100000 JavaThread "Thread-213" [_thread_blocked, id=3576, stack(0x0000000019f50000,0x000000001a050000)]
  0x000000000c0fe000 JavaThread "Thread-211" [_thread_blocked, id=6708, stack(0x0000000019d50000,0x0000000019e50000)]
  0x000000000c0fe800 JavaThread "Thread-210" [_thread_blocked, id=7748, stack(0x0000000019c50000,0x0000000019d50000)]
  0x000000000c0f9800 JavaThread "Thread-209" [_thread_blocked, id=7788, stack(0x0000000019b50000,0x0000000019c50000)]
  0x000000000c0fb000 JavaThread "Thread-208" [_thread_blocked, id=1180, stack(0x0000000019a50000,0x0000000019b50000)]
  0x000000000c0fc800 JavaThread "Thread-207" [_thread_blocked, id=860, stack(0x0000000019950000,0x0000000019a50000)]
  0x000000000c0f8000 JavaThread "Thread-206" [_thread_blocked, id=6004, stack(0x0000000019850000,0x0000000019950000)]
  0x000000000c0f8800 JavaThread "Thread-205" [_thread_blocked, id=2788, stack(0x0000000019750000,0x0000000019850000)]
  0x000000000c0fa000 JavaThread "Thread-204" [_thread_blocked, id=5188, stack(0x0000000019650000,0x0000000019750000)]
  0x000000000c0f4000 JavaThread "Thread-203" [_thread_blocked, id=6348, stack(0x0000000019550000,0x0000000019650000)]
  0x000000000c0f3800 JavaThread "Thread-201" [_thread_blocked, id=5156, stack(0x0000000019350000,0x0000000019450000)]
  0x000000000c0f6800 JavaThread "Thread-199" [_thread_blocked, id=4944, stack(0x0000000019150000,0x0000000019250000)]
  0x000000000c0f5000 JavaThread "Thread-198" [_thread_blocked, id=5564, stack(0x0000000019050000,0x0000000019150000)]
  0x000000000c0ef800 JavaThread "Thread-197" [_thread_blocked, id=892, stack(0x0000000018f50000,0x0000000019050000)]
  0x000000000c0f2800 JavaThread "Thread-195" [_thread_blocked, id=5276, stack(0x0000000018d50000,0x0000000018e50000)]
  0x000000000c0f0800 JavaThread "Thread-193" [_thread_blocked, id=7860, stack(0x0000000018b50000,0x0000000018c50000)]
  0x000000000c0ec000 JavaThread "Thread-192" [_thread_blocked, id=2876, stack(0x0000000018a50000,0x0000000018b50000)]
  0x000000000c0ef000 JavaThread "Thread-191" [_thread_blocked, id=4780, stack(0x0000000018950000,0x0000000018a50000)]
  0x000000000c0ec800 JavaThread "Thread-189" [_thread_blocked, id=5760, stack(0x0000000018750000,0x0000000018850000)]
  0x000000000c0ee000 JavaThread "Thread-188" [_thread_blocked, id=5116, stack(0x0000000018650000,0x0000000018750000)]
  0x000000000c0eb000 JavaThread "Thread-187" [_thread_blocked, id=5692, stack(0x0000000018550000,0x0000000018650000)]
  0x000000000c0cc000 JavaThread "Thread-185" [_thread_blocked, id=4908, stack(0x0000000018350000,0x0000000018450000)]
  0x000000000c0c9000 JavaThread "Thread-183" [_thread_blocked, id=5192, stack(0x0000000018150000,0x0000000018250000)]
  0x000000000c0c5800 JavaThread "Thread-181" [_thread_blocked, id=2344, stack(0x0000000017f50000,0x0000000018050000)]
  0x000000000c0c7800 JavaThread "Thread-179" [_thread_blocked, id=7364, stack(0x0000000017d50000,0x0000000017e50000)]
  0x000000000c0c6000 JavaThread "Thread-177" [_thread_blocked, id=7808, stack(0x0000000017b50000,0x0000000017c50000)]
  0x000000000c0c4800 JavaThread "Thread-176" [_thread_blocked, id=3384, stack(0x0000000017a50000,0x0000000017b50000)]
  0x000000000c0c3000 JavaThread "Thread-175" [_thread_blocked, id=1232, stack(0x0000000017950000,0x0000000017a50000)]
  0x000000000c0c2800 JavaThread "Thread-173" [_thread_blocked, id=7016, stack(0x0000000017750000,0x0000000017850000)]
  0x000000000c0c4000 JavaThread "Thread-172" [_thread_blocked, id=6628, stack(0x0000000017650000,0x0000000017750000)]
  0x000000000c0c1800 JavaThread "Thread-171" [_thread_blocked, id=6376, stack(0x0000000017550000,0x0000000017650000)]
  0x000000000c0bf800 JavaThread "Thread-169" [_thread_blocked, id=4404, stack(0x0000000017350000,0x0000000017450000)]
  0x000000000c0be800 JavaThread "Thread-168" [_thread_blocked, id=7476, stack(0x0000000017250000,0x0000000017350000)]
  0x000000000c0be000 JavaThread "Thread-167" [_thread_blocked, id=4912, stack(0x0000000017150000,0x0000000017250000)]
  0x000000000c098000 JavaThread "Thread-165" [_thread_blocked, id=8180, stack(0x0000000016f50000,0x0000000017050000)]
  0x000000000c096800 JavaThread "Thread-163" [_thread_blocked, id=6560, stack(0x0000000016d50000,0x0000000016e50000)]
  0x000000000c093000 JavaThread "Thread-161" [_thread_blocked, id=8092, stack(0x0000000016b50000,0x0000000016c50000)]
  0x000000000c095000 JavaThread "Thread-159" [_thread_blocked, id=8068, stack(0x0000000016950000,0x0000000016a50000)]
  0x000000000c08f000 JavaThread "Thread-157" [_thread_blocked, id=8132, stack(0x0000000016750000,0x0000000016850000)]
  0x000000000c091800 JavaThread "Thread-155" [_thread_blocked, id=2696, stack(0x0000000016550000,0x0000000016650000)]
  0x000000000c08e800 JavaThread "Thread-153" [_thread_blocked, id=8120, stack(0x0000000016350000,0x0000000016450000)]
  0x000000000c090000 JavaThread "Thread-151" [_thread_blocked, id=208, stack(0x0000000016150000,0x0000000016250000)]
  0x000000000c089800 JavaThread "Thread-149" [_thread_blocked, id=7668, stack(0x0000000015f50000,0x0000000016050000)]
  0x000000000c08d000 JavaThread "Thread-148" [_thread_blocked, id=6740, stack(0x0000000015e50000,0x0000000015f50000)]
  0x000000000c08a800 JavaThread "Thread-147" [_thread_blocked, id=7628, stack(0x0000000015d50000,0x0000000015e50000)]
  0x000000000c08c000 JavaThread "Thread-145" [_thread_blocked, id=6420, stack(0x0000000015b50000,0x0000000015c50000)]
  0x000000000c064000 JavaThread "Thread-144" [_thread_blocked, id=7648, stack(0x0000000015a50000,0x0000000015b50000)]
  0x000000000c063800 JavaThread "Thread-143" [_thread_blocked, id=7768, stack(0x0000000015950000,0x0000000015a50000)]
  0x000000000c05f000 JavaThread "Thread-141" [_thread_blocked, id=7880, stack(0x0000000015750000,0x0000000015850000)]
  0x000000000c061000 JavaThread "Thread-139" [_thread_blocked, id=7272, stack(0x0000000015550000,0x0000000015650000)]
  0x000000000c060800 JavaThread "Thread-137" [_thread_blocked, id=6728, stack(0x0000000015350000,0x0000000015450000)]
  0x000000000c05e000 JavaThread "Thread-135" [_thread_blocked, id=2936, stack(0x0000000015150000,0x0000000015250000)]
  0x000000000c05a000 JavaThread "Thread-134" [_thread_blocked, id=6324, stack(0x0000000015050000,0x0000000015150000)]
  0x000000000c05d800 JavaThread "Thread-133" [_thread_blocked, id=1276, stack(0x0000000014f50000,0x0000000015050000)]
  0x000000000c059800 JavaThread "Thread-131" [_thread_blocked, id=2816, stack(0x0000000014d50000,0x0000000014e50000)]
  0x000000000c055800 JavaThread "Thread-129" [_thread_blocked, id=5096, stack(0x0000000014b50000,0x0000000014c50000)]
  0x000000000c058800 JavaThread "Thread-127" [_thread_blocked, id=6308, stack(0x0000000014950000,0x0000000014a50000)]
  0x000000000c055000 JavaThread "Thread-126" [_thread_blocked, id=6964, stack(0x0000000014850000,0x0000000014950000)]
  0x000000000c057000 JavaThread "Thread-125" [_thread_blocked, id=3584, stack(0x0000000014750000,0x0000000014850000)]
  0x000000000c056800 JavaThread "Thread-124" [_thread_blocked, id=7132, stack(0x0000000014650000,0x0000000014750000)]
  0x000000000c037800 JavaThread "Thread-123" [_thread_blocked, id=5500, stack(0x0000000014550000,0x0000000014650000)]
  0x000000000c036800 JavaThread "Thread-122" [_thread_blocked, id=6064, stack(0x0000000014450000,0x0000000014550000)]
  0x000000000c036000 JavaThread "Thread-121" [_thread_blocked, id=4948, stack(0x0000000014350000,0x0000000014450000)]
  0x000000000c032000 JavaThread "Thread-119" [_thread_blocked, id=5964, stack(0x0000000014150000,0x0000000014250000)]
  0x000000000c035000 JavaThread "Thread-118" [_thread_blocked, id=2760, stack(0x0000000014050000,0x0000000014150000)]
  0x000000000c034000 JavaThread "Thread-117" [_thread_blocked, id=2596, stack(0x0000000013f50000,0x0000000014050000)]
  0x000000000c032800 JavaThread "Thread-116" [_thread_blocked, id=3040, stack(0x0000000013e50000,0x0000000013f50000)]
  0x000000000c033800 JavaThread "Thread-115" [_thread_blocked, id=1136, stack(0x0000000013d50000,0x0000000013e50000)]
  0x000000000c02f800 JavaThread "Thread-114" [_thread_blocked, id=6356, stack(0x0000000013c50000,0x0000000013d50000)]
  0x000000000c02e000 JavaThread "Thread-113" [_thread_blocked, id=7100, stack(0x0000000013b50000,0x0000000013c50000)]
  0x000000000c030800 JavaThread "Thread-112" [_thread_blocked, id=656, stack(0x0000000013a50000,0x0000000013b50000)]
  0x000000000c02f000 JavaThread "Thread-111" [_thread_blocked, id=7408, stack(0x0000000013950000,0x0000000013a50000)]
  0x000000000c031000 JavaThread "Thread-110" [_thread_blocked, id=7780, stack(0x0000000013850000,0x0000000013950000)]
  0x000000000c02a800 JavaThread "Thread-109" [_thread_blocked, id=6452, stack(0x0000000013750000,0x0000000013850000)]
  0x000000000c02d800 JavaThread "Thread-108" [_thread_blocked, id=1580, stack(0x0000000013650000,0x0000000013750000)]
  0x000000000c029800 JavaThread "Thread-107" [_thread_blocked, id=3612, stack(0x0000000013550000,0x0000000013650000)]
  0x000000000c02c800 JavaThread "Thread-106" [_thread_blocked, id=5148, stack(0x0000000013450000,0x0000000013550000)]
  0x000000000c029000 JavaThread "Thread-105" [_thread_blocked, id=600, stack(0x0000000013350000,0x0000000013450000)]
  0x000000000c02c000 JavaThread "Thread-104" [_thread_blocked, id=6748, stack(0x0000000013250000,0x0000000013350000)]
  0x000000000c02b000 JavaThread "Thread-103" [_thread_blocked, id=4220, stack(0x0000000013150000,0x0000000013250000)]
  0x000000000c00e000 JavaThread "Thread-102" [_thread_blocked, id=1284, stack(0x0000000013050000,0x0000000013150000)]
  0x000000000c00d000 JavaThread "Thread-101" [_thread_blocked, id=6684, stack(0x0000000012f50000,0x0000000013050000)]
  0x000000000c00c800 JavaThread "Thread-100" [_thread_blocked, id=7156, stack(0x0000000012e50000,0x0000000012f50000)]
  0x000000000c008800 JavaThread "Thread-99" [_thread_blocked, id=2508, stack(0x0000000012d50000,0x0000000012e50000)]
  0x000000000c00b800 JavaThread "Thread-98" [_thread_blocked, id=7608, stack(0x0000000012c50000,0x0000000012d50000)]
  0x000000000c008000 JavaThread "Thread-97" [_thread_blocked, id=4276, stack(0x0000000012b50000,0x0000000012c50000)]
  0x000000000c00b000 JavaThread "Thread-96" [_thread_blocked, id=3608, stack(0x0000000012a50000,0x0000000012b50000)]
  0x000000000c009800 JavaThread "Thread-95" [_thread_blocked, id=7792, stack(0x0000000012950000,0x0000000012a50000)]
  0x000000000c00a000 JavaThread "Thread-94" [_thread_blocked, id=7896, stack(0x0000000012850000,0x0000000012950000)]
  0x000000000c004000 JavaThread "Thread-93" [_thread_blocked, id=5644, stack(0x0000000012750000,0x0000000012850000)]
  0x000000000c007000 JavaThread "Thread-92" [_thread_blocked, id=6032, stack(0x0000000012650000,0x0000000012750000)]
  0x000000000c006800 JavaThread "Thread-91" [_thread_blocked, id=5632, stack(0x0000000012550000,0x0000000012650000)]
  0x000000000c003800 JavaThread "Thread-90" [_thread_blocked, id=7416, stack(0x0000000012450000,0x0000000012550000)]
  0x000000000c005800 JavaThread "Thread-89" [_thread_blocked, id=5924, stack(0x0000000012350000,0x0000000012450000)]
  0x000000000c005000 JavaThread "Thread-88" [_thread_blocked, id=5232, stack(0x0000000012250000,0x0000000012350000)]
  0x000000000c002800 JavaThread "Thread-87" [_thread_blocked, id=7624, stack(0x0000000012150000,0x0000000012250000)]
  0x000000000bfff000 JavaThread "Thread-86" [_thread_blocked, id=4668, stack(0x0000000012050000,0x0000000012150000)]
  0x000000000bfff800 JavaThread "Thread-85" [_thread_blocked, id=3616, stack(0x0000000011f50000,0x0000000012050000)]
  0x000000000c002000 JavaThread "Thread-84" [_thread_blocked, id=7820, stack(0x0000000011e50000,0x0000000011f50000)]
  0x000000000c001000 JavaThread "Thread-83" [_thread_blocked, id=7856, stack(0x0000000011d50000,0x0000000011e50000)]
  0x000000000c000800 JavaThread "Thread-82" [_thread_blocked, id=3160, stack(0x0000000011c50000,0x0000000011d50000)]
  0x000000000bfd4000 JavaThread "Thread-81" [_thread_blocked, id=6572, stack(0x0000000011b50000,0x0000000011c50000)]
  0x000000000bfd0000 JavaThread "Thread-80" [_thread_blocked, id=8048, stack(0x0000000011a50000,0x0000000011b50000)]
  0x000000000bfd3000 JavaThread "Thread-79" [_thread_blocked, id=1360, stack(0x0000000011950000,0x0000000011a50000)]
  0x000000000bfcf800 JavaThread "Thread-78" [_thread_blocked, id=6788, stack(0x0000000011850000,0x0000000011950000)]
  0x000000000bfd1000 JavaThread "Thread-77" [_thread_blocked, id=6516, stack(0x0000000011750000,0x0000000011850000)]
  0x000000000bfd2800 JavaThread "Thread-76" [_thread_blocked, id=7968, stack(0x0000000011650000,0x0000000011750000)]
  0x000000000bfce800 JavaThread "Thread-75" [_thread_blocked, id=5680, stack(0x0000000011550000,0x0000000011650000)]
  0x000000000bfd1800 JavaThread "Thread-74" [_thread_blocked, id=5460, stack(0x0000000011450000,0x0000000011550000)]
  0x000000000bfcd000 JavaThread "Thread-73" [_thread_blocked, id=6076, stack(0x0000000011350000,0x0000000011450000)]
  0x000000000bfce000 JavaThread "Thread-72" [_thread_blocked, id=7652, stack(0x0000000011250000,0x0000000011350000)]
  0x000000000bfca000 JavaThread "Thread-71" [_thread_blocked, id=7220, stack(0x0000000011150000,0x0000000011250000)]
  0x000000000bfc9800 JavaThread "Thread-70" [_thread_blocked, id=5960, stack(0x0000000011050000,0x0000000011150000)]
  0x000000000bfcc800 JavaThread "Thread-69" [_thread_blocked, id=3132, stack(0x0000000010f50000,0x0000000011050000)]
  0x000000000bfcb800 JavaThread "Thread-68" [_thread_blocked, id=7136, stack(0x0000000010e50000,0x0000000010f50000)]
  0x000000000bfcb000 JavaThread "Thread-67" [_thread_blocked, id=6156, stack(0x0000000010d50000,0x0000000010e50000)]
  0x000000000bfc5800 JavaThread "Thread-66" [_thread_blocked, id=2152, stack(0x0000000010c50000,0x0000000010d50000)]
  0x000000000bfc7000 JavaThread "Thread-65" [_thread_blocked, id=7512, stack(0x0000000010b50000,0x0000000010c50000)]
  0x000000000bfc8800 JavaThread "Thread-64" [_thread_blocked, id=2796, stack(0x0000000010a50000,0x0000000010b50000)]
  0x000000000bfc6800 JavaThread "Thread-63" [_thread_blocked, id=4308, stack(0x0000000010950000,0x0000000010a50000)]
  0x000000000bfc5000 JavaThread "Thread-61" [_thread_blocked, id=6260, stack(0x0000000010750000,0x0000000010850000)]
  0x000000000bfae000 JavaThread "Thread-60" [_thread_blocked, id=3676, stack(0x0000000010650000,0x0000000010750000)]
  0x000000000bfad000 JavaThread "Thread-59" [_thread_blocked, id=4480, stack(0x0000000010550000,0x0000000010650000)]
  0x000000000bfac800 JavaThread "Thread-58" [_thread_blocked, id=8152, stack(0x0000000010450000,0x0000000010550000)]
  0x000000000bfa8800 JavaThread "Thread-57" [_thread_blocked, id=6600, stack(0x0000000010070000,0x0000000010170000)]
  0x000000000bfab800 JavaThread "Thread-56" [_thread_blocked, id=7576, stack(0x000000000fe20000,0x000000000ff20000)]
  0x000000000bfab000 JavaThread "Thread-55" [_thread_blocked, id=6592, stack(0x000000000fd20000,0x000000000fe20000)]
  0x000000000bfaa000 JavaThread "Thread-53" [_thread_blocked, id=6224, stack(0x000000000fb20000,0x000000000fc20000)]
  0x000000000bfa5000 JavaThread "Thread-52" [_thread_blocked, id=4760, stack(0x000000000f920000,0x000000000fa20000)]
  0x000000000bfa8000 JavaThread "Thread-51" [_thread_blocked, id=7928, stack(0x000000000f820000,0x000000000f920000)]
  0x000000000bfa5800 JavaThread "Thread-50" [_thread_blocked, id=5072, stack(0x000000000f720000,0x000000000f820000)]
  0x000000000bfa7000 JavaThread "Thread-49" [_thread_blocked, id=5884, stack(0x000000000f620000,0x000000000f720000)]
  0x000000000bfa4000 JavaThread "Thread-48" [_thread_blocked, id=7736, stack(0x000000000f520000,0x000000000f620000)]
  0x000000000bfa6800 JavaThread "Thread-47" [_thread_blocked, id=3316, stack(0x000000000f420000,0x000000000f520000)]
  0x000000000bfa0800 JavaThread "Thread-46" [_thread_blocked, id=348, stack(0x000000000f320000,0x000000000f420000)]
  0x000000000bfa3800 JavaThread "Thread-45" [_thread_blocked, id=2948, stack(0x000000000f220000,0x000000000f320000)]
  0x000000000bfa2800 JavaThread "Thread-44" [_thread_blocked, id=5976, stack(0x000000000f020000,0x000000000f120000)]
  0x000000000bf9f000 JavaThread "Thread-43" [_thread_blocked, id=8064, stack(0x000000000ef20000,0x000000000f020000)]
  0x000000000bf9f800 JavaThread "Thread-42" [_thread_blocked, id=7256, stack(0x000000000ee20000,0x000000000ef20000)]
  0x000000000bfa2000 JavaThread "Thread-41" [_thread_blocked, id=6956, stack(0x000000000ed20000,0x000000000ee20000)]
  0x000000000bfa1000 JavaThread "Thread-40" [_thread_blocked, id=6552, stack(0x000000000ec20000,0x000000000ed20000)]
  0x000000000bf22800 JavaThread "Thread-39" [_thread_blocked, id=5164, stack(0x000000000eb20000,0x000000000ec20000)]
  0x000000000bf26000 JavaThread "Thread-38" [_thread_blocked, id=7080, stack(0x000000000ea20000,0x000000000eb20000)]
  0x000000000bf23800 JavaThread "Thread-37" [_thread_blocked, id=4940, stack(0x000000000e920000,0x000000000ea20000)]
  0x000000000bf25000 JavaThread "Thread-36" [_thread_blocked, id=8136, stack(0x000000000e720000,0x000000000e820000)]
  0x000000000bf24000 JavaThread "Thread-35" [_thread_blocked, id=5312, stack(0x000000000e620000,0x000000000e720000)]
  0x000000000bf1f000 JavaThread "Thread-34" [_thread_blocked, id=7592, stack(0x000000000e520000,0x000000000e620000)]
  0x000000000bf22000 JavaThread "Thread-33" [_thread_blocked, id=7396, stack(0x000000000e420000,0x000000000e520000)]
  0x000000000bf1e000 JavaThread "Thread-32" [_thread_blocked, id=6824, stack(0x000000000e320000,0x000000000e420000)]
  0x000000000bf20800 JavaThread "Thread-31" [_thread_blocked, id=968, stack(0x000000000e220000,0x000000000e320000)]
  0x000000000bf21000 JavaThread "Thread-30" [_thread_blocked, id=5204, stack(0x000000000e120000,0x000000000e220000)]
  0x000000000bf1d800 JavaThread "Thread-29" [_thread_blocked, id=5328, stack(0x000000000e020000,0x000000000e120000)]
  0x000000000bf1f800 JavaThread "Thread-28" [_thread_blocked, id=7784, stack(0x000000000df20000,0x000000000e020000)]
  0x000000000bf1c800 JavaThread "Thread-27" [_thread_blocked, id=352, stack(0x000000000de20000,0x000000000df20000)]
  0x000000000bf19000 JavaThread "Thread-26" [_thread_blocked, id=4952, stack(0x000000000dd20000,0x000000000de20000)]
  0x000000000bf1c000 JavaThread "Thread-25" [_thread_blocked, id=7380, stack(0x000000000dc20000,0x000000000dd20000)]
  0x000000000bf1b000 JavaThread "Thread-24" [_thread_blocked, id=4232, stack(0x000000000db20000,0x000000000dc20000)]
  0x000000000bf1a800 JavaThread "Thread-23" [_thread_blocked, id=3188, stack(0x000000000da20000,0x000000000db20000)]
  0x000000000bf17800 JavaThread "Thread-22" [_thread_blocked, id=4252, stack(0x000000000d920000,0x000000000da20000)]
  0x000000000bf16800 JavaThread "Thread-21" [_thread_blocked, id=3884, stack(0x000000000d820000,0x000000000d920000)]
  0x000000000bf18000 JavaThread "Thread-20" [_thread_blocked, id=7664, stack(0x000000000d720000,0x000000000d820000)]
  0x000000000bf19800 JavaThread "Thread-19" [_thread_blocked, id=3220, stack(0x000000000d620000,0x000000000d720000)]
  0x000000000bf09800 JavaThread "Thread-18" [_thread_blocked, id=2012, stack(0x000000000d520000,0x000000000d620000)]
  0x000000000bf08800 JavaThread "Thread-17" [_thread_blocked, id=7760, stack(0x000000000d420000,0x000000000d520000)]
  0x000000000bf05000 JavaThread "Thread-16" [_thread_blocked, id=3940, stack(0x000000000d320000,0x000000000d420000)]
  0x000000000bf08000 JavaThread "Thread-15" [_thread_blocked, id=2528, stack(0x000000000d220000,0x000000000d320000)]
  0x000000000bf04000 JavaThread "Thread-14" [_thread_blocked, id=7620, stack(0x000000000d120000,0x000000000d220000)]
  0x000000000bf07000 JavaThread "Thread-13" [_thread_blocked, id=1340, stack(0x000000000d020000,0x000000000d120000)]
  0x000000000bf03800 JavaThread "Thread-12" [_thread_blocked, id=5808, stack(0x000000000cf20000,0x000000000d020000)]
  0x000000000bf06800 JavaThread "Thread-11" [_thread_blocked, id=1092, stack(0x000000000ce20000,0x000000000cf20000)]
  0x000000000bf05800 JavaThread "Thread-10" [_thread_blocked, id=6116, stack(0x000000000cd20000,0x000000000ce20000)]
  0x000000000bf02800 JavaThread "Thread-9" [_thread_blocked, id=4332, stack(0x000000000cc20000,0x000000000cd20000)]
=>0x000000000bef9800 JavaThread "Thread-7" [_thread_in_vm, id=5820, stack(0x000000000ca20000,0x000000000cb20000)]
  0x000000000bef9000 JavaThread "Thread-6" [_thread_blocked, id=5244, stack(0x000000000c920000,0x000000000ca20000)]
  0x000000000a54e000 JavaThread "Thread-5" [_thread_blocked, id=5696, stack(0x000000000c820000,0x000000000c920000)]
  0x000000000a54c800 JavaThread "Thread-3" [_thread_blocked, id=3784, stack(0x000000000c620000,0x000000000c720000)]
  0x000000000a54a000 JavaThread "Thread-2" [_thread_blocked, id=5240, stack(0x000000000c520000,0x000000000c620000)]
  0x000000000a508000 JavaThread "Thread-1" [_thread_blocked, id=6640, stack(0x000000000c420000,0x000000000c520000)]
  0x000000000bef8000 JavaThread "Thread-0" [_thread_blocked, id=6804, stack(0x000000000c320000,0x000000000c420000)]
  0x000000000a4e5800 JavaThread "Service Thread" daemon [_thread_blocked, id=6668, stack(0x000000000bc40000,0x000000000bd40000)]
  0x000000000a4d5000 JavaThread "C2 CompilerThread1" daemon [_thread_blocked, id=8112, stack(0x000000000bb40000,0x000000000bc40000)]
  0x000000000a4d3000 JavaThread "C2 CompilerThread0" daemon [_thread_blocked, id=6744, stack(0x000000000ba40000,0x000000000bb40000)]
  0x000000000a4d2000 JavaThread "Attach Listener" daemon [_thread_blocked, id=3848, stack(0x000000000b940000,0x000000000ba40000)]
  0x000000000a4cf000 JavaThread "Signal Dispatcher" daemon [_thread_blocked, id=7936, stack(0x000000000b840000,0x000000000b940000)]
  0x000000000a49c800 JavaThread "Finalizer" daemon [_thread_blocked, id=5864, stack(0x000000000b740000,0x000000000b840000)]
  0x000000000a493800 JavaThread "Reference Handler" daemon [_thread_blocked, id=3556, stack(0x000000000b640000,0x000000000b740000)]
  0x000000000225e800 JavaThread "main" [_thread_blocked, id=7048, stack(0x0000000001f40000,0x0000000002040000)]

Other Threads:
  0x000000000a491000 VMThread [stack: 0x000000000b540000,0x000000000b640000] [id=8076]
  0x000000000a4ff000 WatcherThread [stack: 0x000000000bd40000,0x000000000be40000] [id=5828]

VM state:synchronizing (normal execution)

VM Mutex/Monitor currently owned by a thread:  ([mutex/lock_event])
[0x000000000225bde0] Threads_lock - owner thread: 0x000000000a491000
[0x000000000225bce0] Heap_lock - owner thread: 0x000000000c064000

Heap
 PSYoungGen      total 37888K, used 32768K [0x00000007d5f00000, 0x00000007d8900000, 0x0000000800000000)
  eden space 32768K, 100% used [0x00000007d5f00000,0x00000007d7f00000,0x00000007d7f00000)
  from space 5120K, 0% used [0x00000007d8400000,0x00000007d8400000,0x00000007d8900000)
  to   space 5120K, 0% used [0x00000007d7f00000,0x00000007d7f00000,0x00000007d8400000)
 ParOldGen       total 86016K, used 0K [0x0000000781e00000, 0x0000000787200000, 0x00000007d5f00000)
  object space 86016K, 0% used [0x0000000781e00000,0x0000000781e00000,0x0000000787200000)
 PSPermGen       total 21504K, used 2780K [0x000000077cc00000, 0x000000077e100000, 0x0000000781e00000)
  object space 21504K, 12% used [0x000000077cc00000,0x000000077ceb7190,0x000000077e100000)

Card table byte_map: [0x0000000005260000,0x0000000005680000] byte_map_base: 0x000000000167a000

Polling page: 0x0000000002040000

Code Cache  [0x0000000002260000, 0x00000000024d0000, 0x0000000005260000)
 total_blobs=188 nmethods=2 adapters=139 free_code_cache=48765Kb largest_free_block=49913856

Compilation events (4 events):
Event: 0.055 Thread 0x000000000a4d3000    1             java.lang.String::indexOf (70 bytes)
Event: 0.058 Thread 0x000000000a4d5000    2             java.lang.String::hashCode (55 bytes)
Event: 0.059 Thread 0x000000000a4d5000 nmethod 2 0x00000000022c5cd0 code [0x00000000022c5e00, 0x00000000022c5f78]
Event: 0.059 Thread 0x000000000a4d3000 nmethod 1 0x00000000022c0e90 code [0x00000000022c0fe0, 0x00000000022c1188]

GC Heap History (0 events):
No events

Deoptimization events (0 events):
No events

Internal exceptions (10 events):
Event: 0.051 Thread 0x000000000225e800 Threw 0x00000007d5f822d8 at C:\re\jdk7u55\869\hotspot\src\share\vm\prims\jvm.cpp:1244
Event: 0.051 Thread 0x000000000225e800 Threw 0x00000007d5f85138 at C:\re\jdk7u55\869\hotspot\src\share\vm\prims\jvm.cpp:1244
Event: 0.051 Thread 0x000000000225e800 Threw 0x00000007d5f88eb0 at C:\re\jdk7u55\869\hotspot\src\share\vm\prims\jvm.cpp:1244
Event: 0.053 Thread 0x000000000225e800 Threw 0x00000007d5f92f60 at C:\re\jdk7u55\869\hotspot\src\share\vm\prims\jvm.cpp:1244
Event: 0.056 Thread 0x000000000225e800 Threw 0x00000007d5fa7dd0 at C:\re\jdk7u55\869\hotspot\src\share\vm\prims\jvm.cpp:1244
Event: 0.056 Thread 0x000000000225e800 Threw 0x00000007d5fa7ef8 at C:\re\jdk7u55\869\hotspot\src\share\vm\prims\jvm.cpp:1244
Event: 0.057 Thread 0x000000000225e800 Threw 0x00000007d5fab430 at C:\re\jdk7u55\869\hotspot\src\share\vm\prims\jvm.cpp:1244
Event: 0.057 Thread 0x000000000225e800 Threw 0x00000007d5fab558 at C:\re\jdk7u55\869\hotspot\src\share\vm\prims\jvm.cpp:1244
Event: 0.060 Thread 0x000000000a508000 Threw 0x00000007d6233880 at C:\re\jdk7u55\869\hotspot\src\share\vm\prims\jvm.cpp:1244
Event: 0.060 Thread 0x000000000bef8000 Threw 0x00000007d6048008 at C:\re\jdk7u55\869\hotspot\src\share\vm\prims\jvm.cpp:1244

Events (10 events):
Event: 0.076 Thread 0x000000000c108800 Thread added: 0x000000000c108800
Event: 0.076 Thread 0x000000000c08b800 Thread added: 0x000000000c08b800
Event: 0.076 Thread 0x000000000c058000 Thread exited: 0x000000000c058000
Event: 0.076 Thread 0x000000000c089000 Thread added: 0x000000000c089000
Event: 0.076 Thread 0x000000000c05c800 Thread exited: 0x000000000c05c800
Event: 0.076 Thread 0x000000000c090800 Thread added: 0x000000000c090800
Event: 0.076 Thread 0x000000000c05b800 Thread exited: 0x000000000c05b800
Event: 0.076 Thread 0x000000000c08d800 Thread added: 0x000000000c08d800
Event: 0.076 Executing VM operation: ParallelGCFailedAllocation
Event: 0.076 Thread 0x000000000c05f800 Thread exited: 0x000000000c05f800


Dynamic libraries:
0x00007ff63ea10000 - 0x00007ff63ea43000 	C:\Program Files\Java\jre7\bin\javaw.exe
0x00007fff695c0000 - 0x00007fff6976a000 	C:\Windows\SYSTEM32\ntdll.dll
0x00007fff66f40000 - 0x00007fff6707a000 	C:\Windows\system32\KERNEL32.DLL
0x00007fff66c80000 - 0x00007fff66d8f000 	C:\Windows\system32\KERNELBASE.dll
0x00007fff65560000 - 0x00007fff655e8000 	C:\Windows\system32\apphelp.dll
0x00007fff5a040000 - 0x00007fff5a08f000 	C:\Windows\AppPatch\AppPatch64\AcGenral.DLL
0x00007fff68540000 - 0x00007fff685e7000 	C:\Windows\system32\msvcrt.dll
0x00007fff66770000 - 0x00007fff6679b000 	C:\Windows\SYSTEM32\SspiCli.dll
0x00007fff693e0000 - 0x00007fff69431000 	C:\Windows\system32\SHLWAPI.dll
0x00007fff69440000 - 0x00007fff695b1000 	C:\Windows\system32\USER32.dll
0x00007fff68df0000 - 0x00007fff68f68000 	C:\Windows\system32\ole32.dll
0x00007fff67080000 - 0x00007fff684a0000 	C:\Windows\system32\SHELL32.dll
0x00007fff65da0000 - 0x00007fff65dbe000 	C:\Windows\SYSTEM32\USERENV.dll
0x00007fff68c90000 - 0x00007fff68d35000 	C:\Windows\system32\ADVAPI32.dll
0x00007fff608c0000 - 0x00007fff608db000 	C:\Windows\SYSTEM32\MPR.dll
0x00007fff68b50000 - 0x00007fff68c86000 	C:\Windows\system32\RPCRT4.dll
0x00007fff68650000 - 0x00007fff686a7000 	C:\Windows\SYSTEM32\sechost.dll
0x00007fff686d0000 - 0x00007fff688a6000 	C:\Windows\SYSTEM32\combase.dll
0x00007fff69150000 - 0x00007fff69294000 	C:\Windows\system32\GDI32.dll
0x00007fff66930000 - 0x00007fff66944000 	C:\Windows\SYSTEM32\profapi.dll
0x00007fff65200000 - 0x00007fff6529f000 	C:\Windows\SYSTEM32\SHCORE.dll
0x00007fff66ea0000 - 0x00007fff66ed4000 	C:\Windows\system32\IMM32.DLL
0x00007fff692a0000 - 0x00007fff693d9000 	C:\Windows\system32\MSCTF.dll
0x00007fff648e0000 - 0x00007fff64b3a000 	C:\Windows\WinSxS\amd64_microsoft.windows.common-controls_6595b64144ccf1df_6.0.9600.17031_none_6242a4b3ecbb55a1\COMCTL32.dll
0x000000006cf50000 - 0x000000006d022000 	C:\Program Files\Java\jre7\bin\msvcr100.dll
0x000000006c780000 - 0x000000006cf49000 	C:\Program Files\Java\jre7\bin\server\jvm.dll
0x00007fff609b0000 - 0x00007fff609b9000 	C:\Windows\SYSTEM32\WSOCK32.dll
0x00007fff64b40000 - 0x00007fff64b5f000 	C:\Windows\SYSTEM32\WINMM.dll
0x00007fff68a50000 - 0x00007fff68a57000 	C:\Windows\system32\PSAPI.DLL
0x00007fff66e40000 - 0x00007fff66e98000 	C:\Windows\system32\WS2_32.dll
0x00007fff64880000 - 0x00007fff648aa000 	C:\Windows\SYSTEM32\WINMMBASE.dll
0x00007fff686c0000 - 0x00007fff686c9000 	C:\Windows\system32\NSI.dll
0x00007fff66c30000 - 0x00007fff66c7a000 	C:\Windows\SYSTEM32\cfgmgr32.dll
0x00007fff657b0000 - 0x00007fff657d6000 	C:\Windows\SYSTEM32\DEVOBJ.dll
0x000000006c770000 - 0x000000006c77f000 	C:\Program Files\Java\jre7\bin\verify.dll
0x000000006c740000 - 0x000000006c768000 	C:\Program Files\Java\jre7\bin\java.dll
0x000000006c720000 - 0x000000006c735000 	C:\Program Files\Java\jre7\bin\zip.dll
0x0000000010000000 - 0x0000000010070000 	C:\Users\Breno\Desktop\Breno\Musical\hyperic-sigar-1.6.4\sigar-bin\lib\sigar-amd64-winnt.dll
0x00007fff59ff0000 - 0x00007fff5a03d000 	C:\Windows\SYSTEM32\pdh.dll
0x00007fff651f0000 - 0x00007fff651fa000 	C:\Windows\SYSTEM32\VERSION.dll
0x00007fff60ee0000 - 0x00007fff60ef5000 	C:\Windows\SYSTEM32\NETAPI32.dll
0x00007fff68a60000 - 0x00007fff68b17000 	C:\Windows\system32\OLEAUT32.dll
0x00007fff65f50000 - 0x00007fff65f5c000 	C:\Windows\SYSTEM32\netutils.dll
0x00007fff66700000 - 0x00007fff66725000 	C:\Windows\SYSTEM32\srvcli.dll
0x00007fff60ea0000 - 0x00007fff60eb6000 	C:\Windows\SYSTEM32\wkscli.dll
0x00007fff5c7f0000 - 0x00007fff5c7fd000 	C:\Windows\System32\perfos.dll
0x00007fff60b60000 - 0x00007fff60ce8000 	C:\Windows\SYSTEM32\dbghelp.dll

VM Arguments:
jvm_args: -Dfile.encoding=Cp1252 
java_command: dados.Sensors
Launcher Type: SUN_STANDARD

Environment Variables:
PATH=C:\Program Files (x86)\NVIDIA Corporation\PhysX\Common;C:\Windows\system32;C:\Windows;C:\Windows\System32\Wbem;C:\Windows\System32\WindowsPowerShell\v1.0\
USERNAME=Breno
OS=Windows_NT
PROCESSOR_IDENTIFIER=Intel64 Family 6 Model 60 Stepping 3, GenuineIntel



---------------  S Y S T E M  ---------------

OS: Windows 8.1 , 64 bit Build 9600 

CPU:total 4 (4 cores per cpu, 1 threads per core) family 6 model 60 stepping 3, cmov, cx8, fxsr, mmx, sse, sse2, sse3, ssse3, sse4.1, sse4.2, popcnt, avx, avx2, aes, erms, tsc, tscinvbit

Memory: 4k page, physical 8264364k(4403624k free), swap 16652972k(11635852k free)

vm_info: Java HotSpot(TM) 64-Bit Server VM (24.55-b03) for windows-amd64 JRE (1.7.0_55-b13), built on Mar 17 2014 19:45:30 by "java_re" with unknown MS VC++:1600

time: Mon Jun 30 18:08:26 2014
elapsed time: 0 seconds

